02, 05, 2018 (15:55:39): Starting Pre-Save actions

02, 05, 2018 (15:55:39): Starting Dialogs Check/Save
02, 05, 2018 (15:55:39): Finished Dialogs Check/Save
02, 05, 2018 (15:55:39): Starting Controlled Files Resolution
02, 05, 2018 (15:55:39): Finished Controlled Files Resolution
02, 05, 2018 (15:55:39): Finished Pre-Save actions

02, 05, 2018 (15:55:39): Creating Q:\Desktop\New folder\TetrisVideoGame\TetrisVideoGame.rpy
02, 05, 2018 (15:55:39): 
Started writing Q:\Desktop\New folder\TetrisVideoGame\TetrisVideoGame.rpy on Monday, February 05, 2018 (15:55:39)

02, 05, 2018 (15:55:39): version 8.5.2
02, 05, 2018 (15:55:39): 
Started writing Q:\Desktop\New folder\TetrisVideoGame\TetrisVideoGame_rpy\filesTable.dat on Monday, February 05, 2018 (15:55:39)

02, 05, 2018 (15:55:39): Finished writing Q:\Desktop\New folder\TetrisVideoGame\TetrisVideoGame_rpy\filesTable.dat on Monday, February 05, 2018 (15:55:39)

02, 05, 2018 (15:55:39): Creating Q:\Desktop\New folder\TetrisVideoGame\TetrisVideoGame_rpy\Default.sbs
02, 05, 2018 (15:55:39): 
Started writing Q:\Desktop\New folder\TetrisVideoGame\TetrisVideoGame_rpy\Default.sbs on Monday, February 05, 2018 (15:55:39)

02, 05, 2018 (15:55:39): version 8.5.2
02, 05, 2018 (15:55:39): Finished writing Q:\Desktop\New folder\TetrisVideoGame\TetrisVideoGame_rpy\Default.sbs on Monday, February 05, 2018 (15:55:39)

02, 05, 2018 (15:55:39): Creating Q:\Desktop\New folder\TetrisVideoGame\TetrisVideoGame_rpy\DefaultComponent.cmp
02, 05, 2018 (15:55:39): 
Started writing Q:\Desktop\New folder\TetrisVideoGame\TetrisVideoGame_rpy\DefaultComponent.cmp on Monday, February 05, 2018 (15:55:39)

02, 05, 2018 (15:55:39): version 8.5.2
02, 05, 2018 (15:55:39): Finished writing Q:\Desktop\New folder\TetrisVideoGame\TetrisVideoGame_rpy\DefaultComponent.cmp on Monday, February 05, 2018 (15:55:39)

02, 05, 2018 (15:55:39): Finished writing Q:\Desktop\New folder\TetrisVideoGame\TetrisVideoGame.rpy on Monday, February 05, 2018 (15:55:39)

02, 05, 2018 (15:55:39): End Log
