02, 05, 2018 (16:08:18): Opening rpy file C:\Program Files (x86)\IBM\Rational\Rhapsody Modeler\7.5\Share\Properties\PredefinedTypes.sbs
02, 05, 2018 (16:08:18): 
 Started loading C:\Program Files (x86)\IBM\Rational\Rhapsody Modeler\7.5\Share\Properties\PredefinedTypes.sbs on Monday, February 05, 2018 (16:08:18).-

02, 05, 2018 (16:08:18): 

Starting inUnit resolution phase


02, 05, 2018 (16:08:18): 

Finished inUnit resolution phase


02, 05, 2018 (16:08:18): 
 Finished loading C:\Program Files (x86)\IBM\Rational\Rhapsody Modeler\7.5\Share\Properties\PredefinedTypes.sbs on Monday, February 05, 2018 (16:08:18).-

02, 05, 2018 (16:08:18): Opening rpy file C:\Program Files (x86)\IBM\Rational\Rhapsody Modeler\7.5\Share\Properties\PredefinedTypesC++.sbs
02, 05, 2018 (16:08:18): 
 Started loading C:\Program Files (x86)\IBM\Rational\Rhapsody Modeler\7.5\Share\Properties\PredefinedTypesC++.sbs on Monday, February 05, 2018 (16:08:18).-

02, 05, 2018 (16:08:18): 

Starting inUnit resolution phase


02, 05, 2018 (16:08:18): 

Finished inUnit resolution phase


02, 05, 2018 (16:08:18): 
 Finished loading C:\Program Files (x86)\IBM\Rational\Rhapsody Modeler\7.5\Share\Properties\PredefinedTypesC++.sbs on Monday, February 05, 2018 (16:08:18).-

02, 05, 2018 (16:08:18): Opening rpy file Q:\Desktop\smt lab 1\ClassDiagram.rpy
02, 05, 2018 (16:08:18): 
 Started loading Q:\Desktop\smt lab 1\ClassDiagram.rpy on Monday, February 05, 2018 (16:08:18).-

02, 05, 2018 (16:08:18): Opening rpy file Q:\Desktop\smt lab 1\ClassDiagram_rpy\Default.sbs
02, 05, 2018 (16:08:18): 
 Started loading Q:\Desktop\smt lab 1\ClassDiagram_rpy\Default.sbs on Monday, February 05, 2018 (16:08:18).-

02, 05, 2018 (16:08:18): 

Starting inUnit resolution phase


02, 05, 2018 (16:08:18): 

Finished inUnit resolution phase


02, 05, 2018 (16:08:18): 
 Finished loading Q:\Desktop\smt lab 1\ClassDiagram_rpy\Default.sbs on Monday, February 05, 2018 (16:08:18).-

02, 05, 2018 (16:08:18): Opening rpy file Q:\Desktop\smt lab 1\ClassDiagram_rpy\DefaultComponent.cmp
02, 05, 2018 (16:08:18): 
 Started loading Q:\Desktop\smt lab 1\ClassDiagram_rpy\DefaultComponent.cmp on Monday, February 05, 2018 (16:08:18).-

02, 05, 2018 (16:08:18): 

Starting inUnit resolution phase


02, 05, 2018 (16:08:18): 

Finished inUnit resolution phase


02, 05, 2018 (16:08:18): 
 Finished loading Q:\Desktop\smt lab 1\ClassDiagram_rpy\DefaultComponent.cmp on Monday, February 05, 2018 (16:08:18).-

02, 05, 2018 (16:08:18): 

Starting inUnit resolution phase


02, 05, 2018 (16:08:18): 

Finished inUnit resolution phase


02, 05, 2018 (16:08:18): 

Starting inUnit resolution phase


02, 05, 2018 (16:08:18): 

Finished inUnit resolution phase


02, 05, 2018 (16:08:18): 

Starting inUnit resolution phase


02, 05, 2018 (16:08:18): 

Finished inUnit resolution phase


02, 05, 2018 (16:08:18): 
 Finished loading Q:\Desktop\smt lab 1\ClassDiagram.rpy on Monday, February 05, 2018 (16:08:18).-

02, 05, 2018 (16:08:18): Starting checks of EventsBaseID conflicts
02, 05, 2018 (16:08:18): Finished checks of EventsBaseID conflicts
02, 05, 2018 (16:08:18): End Log
