01, 30, 2018 (16:03:35): Starting Pre-Save actions

01, 30, 2018 (16:03:35): Starting Dialogs Check/Save
01, 30, 2018 (16:03:35): Finished Dialogs Check/Save
01, 30, 2018 (16:03:35): Starting Controlled Files Resolution
01, 30, 2018 (16:03:35): Finished Controlled Files Resolution
01, 30, 2018 (16:03:35): Finished Pre-Save actions

01, 30, 2018 (16:03:35): Creating Q:\My Documents\ClassDiagram\ClassDiagram.rpy
01, 30, 2018 (16:03:35): 
Started writing Q:\My Documents\ClassDiagram\ClassDiagram.rpy on Tuesday, January 30, 2018 (16:03:35)

01, 30, 2018 (16:03:35): version 8.5.2
01, 30, 2018 (16:03:35): 
Started writing Q:\My Documents\ClassDiagram\ClassDiagram_rpy\filesTable.dat on Tuesday, January 30, 2018 (16:03:35)

01, 30, 2018 (16:03:35): Finished writing Q:\My Documents\ClassDiagram\ClassDiagram_rpy\filesTable.dat on Tuesday, January 30, 2018 (16:03:35)

01, 30, 2018 (16:03:35): Creating Q:\My Documents\ClassDiagram\ClassDiagram_rpy\Default.sbs
01, 30, 2018 (16:03:35): 
Started writing Q:\My Documents\ClassDiagram\ClassDiagram_rpy\Default.sbs on Tuesday, January 30, 2018 (16:03:35)

01, 30, 2018 (16:03:35): version 8.5.2
01, 30, 2018 (16:03:35): Finished writing Q:\My Documents\ClassDiagram\ClassDiagram_rpy\Default.sbs on Tuesday, January 30, 2018 (16:03:35)

01, 30, 2018 (16:03:35): Creating Q:\My Documents\ClassDiagram\ClassDiagram_rpy\DefaultComponent.cmp
01, 30, 2018 (16:03:35): 
Started writing Q:\My Documents\ClassDiagram\ClassDiagram_rpy\DefaultComponent.cmp on Tuesday, January 30, 2018 (16:03:35)

01, 30, 2018 (16:03:35): version 8.5.2
01, 30, 2018 (16:03:35): Finished writing Q:\My Documents\ClassDiagram\ClassDiagram_rpy\DefaultComponent.cmp on Tuesday, January 30, 2018 (16:03:35)

01, 30, 2018 (16:03:35): Finished writing Q:\My Documents\ClassDiagram\ClassDiagram.rpy on Tuesday, January 30, 2018 (16:03:35)

01, 30, 2018 (16:03:35): End Log
