02, 06, 2018 (17:30:50): Opening rpy file C:\Program Files (x86)\IBM\Rational\Rhapsody Modeler\7.5\Share\Properties\PredefinedTypes.sbs
02, 06, 2018 (17:30:50): 
 Started loading C:\Program Files (x86)\IBM\Rational\Rhapsody Modeler\7.5\Share\Properties\PredefinedTypes.sbs on Tuesday, February 06, 2018 (17:30:50).-

02, 06, 2018 (17:30:50): 

Starting inUnit resolution phase


02, 06, 2018 (17:30:50): 

Finished inUnit resolution phase


02, 06, 2018 (17:30:50): 
 Finished loading C:\Program Files (x86)\IBM\Rational\Rhapsody Modeler\7.5\Share\Properties\PredefinedTypes.sbs on Tuesday, February 06, 2018 (17:30:50).-

02, 06, 2018 (17:30:50): Opening rpy file C:\Program Files (x86)\IBM\Rational\Rhapsody Modeler\7.5\Share\Properties\PredefinedTypesC++.sbs
02, 06, 2018 (17:30:50): 
 Started loading C:\Program Files (x86)\IBM\Rational\Rhapsody Modeler\7.5\Share\Properties\PredefinedTypesC++.sbs on Tuesday, February 06, 2018 (17:30:50).-

02, 06, 2018 (17:30:50): 

Starting inUnit resolution phase


02, 06, 2018 (17:30:50): 

Finished inUnit resolution phase


02, 06, 2018 (17:30:50): 
 Finished loading C:\Program Files (x86)\IBM\Rational\Rhapsody Modeler\7.5\Share\Properties\PredefinedTypesC++.sbs on Tuesday, February 06, 2018 (17:30:50).-

02, 06, 2018 (17:30:50): Opening rpy file \\kc.umkc.edu\kc-users\home\s\smccr\Desktop\UMLModeling\UMLModelingnew.rpy
02, 06, 2018 (17:30:50): 
 Started loading \\kc.umkc.edu\kc-users\home\s\smccr\Desktop\UMLModeling\UMLModelingnew.rpy on Tuesday, February 06, 2018 (17:30:50).-

02, 06, 2018 (17:30:50): Opening rpy file \\kc.umkc.edu\kc-users\home\s\smccr\Desktop\UMLModeling\UMLModelingnew_rpy\Default.sbs
02, 06, 2018 (17:30:50): 
 Started loading \\kc.umkc.edu\kc-users\home\s\smccr\Desktop\UMLModeling\UMLModelingnew_rpy\Default.sbs on Tuesday, February 06, 2018 (17:30:50).-

02, 06, 2018 (17:30:50): 

Starting inUnit resolution phase


02, 06, 2018 (17:30:50): 

Finished inUnit resolution phase


02, 06, 2018 (17:30:50): 
 Finished loading \\kc.umkc.edu\kc-users\home\s\smccr\Desktop\UMLModeling\UMLModelingnew_rpy\Default.sbs on Tuesday, February 06, 2018 (17:30:50).-

02, 06, 2018 (17:30:50): Opening rpy file \\kc.umkc.edu\kc-users\home\s\smccr\Desktop\UMLModeling\UMLModelingnew_rpy\users.sbs
02, 06, 2018 (17:30:50): 
 Started loading \\kc.umkc.edu\kc-users\home\s\smccr\Desktop\UMLModeling\UMLModelingnew_rpy\users.sbs on Tuesday, February 06, 2018 (17:30:50).-

02, 06, 2018 (17:30:50): 

Starting inUnit resolution phase


02, 06, 2018 (17:30:50): 

Finished inUnit resolution phase


02, 06, 2018 (17:30:50): 
 Finished loading \\kc.umkc.edu\kc-users\home\s\smccr\Desktop\UMLModeling\UMLModelingnew_rpy\users.sbs on Tuesday, February 06, 2018 (17:30:50).-

02, 06, 2018 (17:30:50): Opening rpy file \\kc.umkc.edu\kc-users\home\s\smccr\Desktop\UMLModeling\UMLModelingnew_rpy\Bank_Accounts.sbs
02, 06, 2018 (17:30:50): 
 Started loading \\kc.umkc.edu\kc-users\home\s\smccr\Desktop\UMLModeling\UMLModelingnew_rpy\Bank_Accounts.sbs on Tuesday, February 06, 2018 (17:30:50).-

02, 06, 2018 (17:30:50): 

Starting inUnit resolution phase


02, 06, 2018 (17:30:50): 

Finished inUnit resolution phase


02, 06, 2018 (17:30:50): 
 Finished loading \\kc.umkc.edu\kc-users\home\s\smccr\Desktop\UMLModeling\UMLModelingnew_rpy\Bank_Accounts.sbs on Tuesday, February 06, 2018 (17:30:50).-

02, 06, 2018 (17:30:50): Opening rpy file \\kc.umkc.edu\kc-users\home\s\smccr\Desktop\UMLModeling\UMLModelingnew_rpy\Transactions.sbs
02, 06, 2018 (17:30:50): 
 Started loading \\kc.umkc.edu\kc-users\home\s\smccr\Desktop\UMLModeling\UMLModelingnew_rpy\Transactions.sbs on Tuesday, February 06, 2018 (17:30:50).-

02, 06, 2018 (17:30:50): 

Starting inUnit resolution phase


02, 06, 2018 (17:30:50): 

Finished inUnit resolution phase


02, 06, 2018 (17:30:50): 
 Finished loading \\kc.umkc.edu\kc-users\home\s\smccr\Desktop\UMLModeling\UMLModelingnew_rpy\Transactions.sbs on Tuesday, February 06, 2018 (17:30:50).-

02, 06, 2018 (17:30:50): Opening rpy file \\kc.umkc.edu\kc-users\home\s\smccr\Desktop\UMLModeling\UMLModelingnew_rpy\DefaultComponent.cmp
02, 06, 2018 (17:30:50): 
 Started loading \\kc.umkc.edu\kc-users\home\s\smccr\Desktop\UMLModeling\UMLModelingnew_rpy\DefaultComponent.cmp on Tuesday, February 06, 2018 (17:30:50).-

02, 06, 2018 (17:30:50): 

Starting inUnit resolution phase


02, 06, 2018 (17:30:50): 

Finished inUnit resolution phase


02, 06, 2018 (17:30:50): 
 Finished loading \\kc.umkc.edu\kc-users\home\s\smccr\Desktop\UMLModeling\UMLModelingnew_rpy\DefaultComponent.cmp on Tuesday, February 06, 2018 (17:30:50).-

02, 06, 2018 (17:30:50): 

Starting inUnit resolution phase


02, 06, 2018 (17:30:50): 

Finished inUnit resolution phase


02, 06, 2018 (17:30:50): 

Starting inUnit resolution phase


02, 06, 2018 (17:30:50): 

Finished inUnit resolution phase


02, 06, 2018 (17:30:50): 

Starting inUnit resolution phase


02, 06, 2018 (17:30:50): 

Finished inUnit resolution phase


02, 06, 2018 (17:30:50): 
 Finished loading \\kc.umkc.edu\kc-users\home\s\smccr\Desktop\UMLModeling\UMLModelingnew.rpy on Tuesday, February 06, 2018 (17:30:50).-

02, 06, 2018 (17:30:50): Starting checks of EventsBaseID conflicts
02, 06, 2018 (17:30:50): Finished checks of EventsBaseID conflicts
02, 06, 2018 (17:30:50): End Log
